The system is: Windows - 6.1.7601 - AMD64
Compiling the Fortran compiler identification source file "CMakeFortranCompilerId.F" succeeded.
Compiler: C:/Program Files (x86)/IntelSWTools/compilers_and_libraries_2016.3.207/windows/bin/intel64_ia32/ifort.exe 
Build flags: 
Id flags: -fpp

The output was:
0
Intel(R) Visual Fortran Compiler for applications running on IA-32, Version 16.0.3.207 Build 20160415
Copyright (C) 1985-2016 Intel Corporation.  All rights reserved.

Microsoft (R) Incremental Linker Version 14.00.23026.0
Copyright (C) Microsoft Corporation.  All rights reserved.

-out:CMakeFortranCompilerId.exe 
-subsystem:console 
CMakeFortranCompilerId.obj 


Compilation of the Fortran compiler identification source "CMakeFortranCompilerId.F" produced "CMakeFortranCompilerId.exe"

Compilation of the Fortran compiler identification source "CMakeFortranCompilerId.F" produced "CMakeFortranCompilerId.obj"

The Fortran compiler identification is Intel, found in "V:/Entwicklung/FortranExample/Debug/CMakeFiles/3.6.1/CompilerIdFortran/CMakeFortranCompilerId.exe"

Determining if the Fortran compiler works passed with the following output:
Change Dir: V:/Entwicklung/FortranExample/Debug/CMakeFiles/CMakeTmp

Run Build Command:"C:/cygwin/bin/gmake.exe" "cmTC_d1a65/fast"
gmake[2]: Entering directory `/cygdrive/v/Entwicklung/FortranExample/Debug/CMakeFiles/CMakeTmp'
/usr/bin/gmake -f CMakeFiles/cmTC_d1a65.dir/build.make CMakeFiles/cmTC_d1a65.dir/build
gmake[3]: Entering directory `/cygdrive/v/Entwicklung/FortranExample/Debug/CMakeFiles/CMakeTmp'
Building Fortran object CMakeFiles/cmTC_d1a65.dir/testFortranCompiler.f.obj
"C:/Program Files (x86)/IntelSWTools/compilers_and_libraries_2016.3.207/windows/bin/intel64_ia32/ifort.exe"   /nologo /fpp   /W1 /nologo /fpp /libs:dll /threads  /Od /debug:full /dbglibs   /FoCMakeFiles/cmTC_d1a65.dir/testFortranCompiler.f.obj /FdCMakeFiles/cmTC_d1a65.dir/ -c V:/Entwicklung/FortranExample/Debug/CMakeFiles/CMakeTmp/testFortranCompiler.f
Linking Fortran executable cmTC_d1a65.exe
"C:/Program Files/CMake/bin/cmake.exe" -E vs_link_exe --intdir=CMakeFiles/cmTC_d1a65.dir --manifests  -- xilink /nologo @CMakeFiles/cmTC_d1a65.dir/objects1.rsp  /out:cmTC_d1a65.exe /implib:cmTC_d1a65.lib /pdb:V:/Entwicklung/FortranExample/Debug/CMakeFiles/CMakeTmp/cmTC_d1a65.pdb /version:0.0   /machine:X86  /debug /INCREMENTAL /subsystem:console  user32.lib 
gmake[3]: Leaving directory `/cygdrive/v/Entwicklung/FortranExample/Debug/CMakeFiles/CMakeTmp'
gmake[2]: Leaving directory `/cygdrive/v/Entwicklung/FortranExample/Debug/CMakeFiles/CMakeTmp'


Detecting Fortran compiler ABI info compiled with the following output:
Change Dir: V:/Entwicklung/FortranExample/Debug/CMakeFiles/CMakeTmp

Run Build Command:"C:/cygwin/bin/gmake.exe" "cmTC_49e78/fast"
gmake[2]: Entering directory `/cygdrive/v/Entwicklung/FortranExample/Debug/CMakeFiles/CMakeTmp'
/usr/bin/gmake -f CMakeFiles/cmTC_49e78.dir/build.make CMakeFiles/cmTC_49e78.dir/build
gmake[3]: Entering directory `/cygdrive/v/Entwicklung/FortranExample/Debug/CMakeFiles/CMakeTmp'
Building Fortran object CMakeFiles/cmTC_49e78.dir/CMakeFortranCompilerABI.F.obj
"C:/Program Files (x86)/IntelSWTools/compilers_and_libraries_2016.3.207/windows/bin/intel64_ia32/ifort.exe"   /nologo /fpp   /W1 /nologo /fpp /libs:dll /threads  /Od /debug:full /dbglibs   /FoCMakeFiles/cmTC_49e78.dir/CMakeFortranCompilerABI.F.obj /FdCMakeFiles/cmTC_49e78.dir/ -c "C:/Program Files/CMake/share/cmake-3.6/Modules/CMakeFortranCompilerABI.F"
Linking Fortran executable cmTC_49e78.exe
"C:/Program Files/CMake/bin/cmake.exe" -E vs_link_exe --intdir=CMakeFiles/cmTC_49e78.dir --manifests  -- xilink /nologo @CMakeFiles/cmTC_49e78.dir/objects1.rsp  /out:cmTC_49e78.exe /implib:cmTC_49e78.lib /pdb:V:/Entwicklung/FortranExample/Debug/CMakeFiles/CMakeTmp/cmTC_49e78.pdb /version:0.0   /machine:X86 -v /debug /INCREMENTAL /subsystem:console   
LINK : warning LNK4044: unrecognized option '/v'; ignored
LINK : warning LNK4044: unrecognized option '/v'; ignored
LINK : warning LNK4044: unrecognized option '/v'; ignored
gmake[3]: Leaving directory `/cygdrive/v/Entwicklung/FortranExample/Debug/CMakeFiles/CMakeTmp'
gmake[2]: Leaving directory `/cygdrive/v/Entwicklung/FortranExample/Debug/CMakeFiles/CMakeTmp'


Parsed Fortran implicit link information from above output:
  link line regex: [^( *|.*[/\])(link\.exe|([^/\]+-)?ld|collect2)[^/\]*( |$)]
  ignore line: [Change Dir: V:/Entwicklung/FortranExample/Debug/CMakeFiles/CMakeTmp]
  ignore line: []
  ignore line: [Run Build Command:"C:/cygwin/bin/gmake.exe" "cmTC_49e78/fast"]
  ignore line: [gmake[2]: Entering directory `/cygdrive/v/Entwicklung/FortranExample/Debug/CMakeFiles/CMakeTmp']
  ignore line: [/usr/bin/gmake -f CMakeFiles/cmTC_49e78.dir/build.make CMakeFiles/cmTC_49e78.dir/build]
  ignore line: [gmake[3]: Entering directory `/cygdrive/v/Entwicklung/FortranExample/Debug/CMakeFiles/CMakeTmp']
  ignore line: [Building Fortran object CMakeFiles/cmTC_49e78.dir/CMakeFortranCompilerABI.F.obj]
  ignore line: ["C:/Program Files (x86)/IntelSWTools/compilers_and_libraries_2016.3.207/windows/bin/intel64_ia32/ifort.exe"   /nologo /fpp   /W1 /nologo /fpp /libs:dll /threads  /Od /debug:full /dbglibs   /FoCMakeFiles/cmTC_49e78.dir/CMakeFortranCompilerABI.F.obj /FdCMakeFiles/cmTC_49e78.dir/ -c "C:/Program Files/CMake/share/cmake-3.6/Modules/CMakeFortranCompilerABI.F"]
  ignore line: [Linking Fortran executable cmTC_49e78.exe]
  ignore line: ["C:/Program Files/CMake/bin/cmake.exe" -E vs_link_exe --intdir=CMakeFiles/cmTC_49e78.dir --manifests  -- xilink /nologo @CMakeFiles/cmTC_49e78.dir/objects1.rsp  /out:cmTC_49e78.exe /implib:cmTC_49e78.lib /pdb:V:/Entwicklung/FortranExample/Debug/CMakeFiles/CMakeTmp/cmTC_49e78.pdb /version:0.0   /machine:X86 -v /debug /INCREMENTAL /subsystem:console   ]
  ignore line: [LINK : warning LNK4044: unrecognized option '/v']
  ignore line: [ ignored]
  ignore line: [LINK : warning LNK4044: unrecognized option '/v']
  ignore line: [ ignored]
  ignore line: [LINK : warning LNK4044: unrecognized option '/v']
  ignore line: [ ignored]
  ignore line: [gmake[3]: Leaving directory `/cygdrive/v/Entwicklung/FortranExample/Debug/CMakeFiles/CMakeTmp']
  ignore line: [gmake[2]: Leaving directory `/cygdrive/v/Entwicklung/FortranExample/Debug/CMakeFiles/CMakeTmp']
  ignore line: []
  implicit libs: []
  implicit dirs: []
  implicit fwks: []


Determining if the Fortran compiler supports Fortran 90 passed with the following output:
Change Dir: V:/Entwicklung/FortranExample/Debug/CMakeFiles/CMakeTmp

Run Build Command:"C:/cygwin/bin/gmake.exe" "cmTC_2ac3d/fast"
gmake[2]: Entering directory `/cygdrive/v/Entwicklung/FortranExample/Debug/CMakeFiles/CMakeTmp'
/usr/bin/gmake -f CMakeFiles/cmTC_2ac3d.dir/build.make CMakeFiles/cmTC_2ac3d.dir/build
gmake[3]: Entering directory `/cygdrive/v/Entwicklung/FortranExample/Debug/CMakeFiles/CMakeTmp'
Building Fortran object CMakeFiles/cmTC_2ac3d.dir/testFortranCompilerF90.f90.obj
"C:/Program Files (x86)/IntelSWTools/compilers_and_libraries_2016.3.207/windows/bin/intel64_ia32/ifort.exe"   /nologo /fpp   /W1 /nologo /fpp /libs:dll /threads  /Od /debug:full /dbglibs   /FoCMakeFiles/cmTC_2ac3d.dir/testFortranCompilerF90.f90.obj /FdCMakeFiles/cmTC_2ac3d.dir/ -c V:/Entwicklung/FortranExample/Debug/CMakeFiles/CMakeTmp/testFortranCompilerF90.f90
Linking Fortran executable cmTC_2ac3d.exe
"C:/Program Files/CMake/bin/cmake.exe" -E vs_link_exe --intdir=CMakeFiles/cmTC_2ac3d.dir --manifests  -- xilink /nologo @CMakeFiles/cmTC_2ac3d.dir/objects1.rsp  /out:cmTC_2ac3d.exe /implib:cmTC_2ac3d.lib /pdb:V:/Entwicklung/FortranExample/Debug/CMakeFiles/CMakeTmp/cmTC_2ac3d.pdb /version:0.0   /machine:X86  /debug /INCREMENTAL /subsystem:console  user32.lib 
gmake[3]: Leaving directory `/cygdrive/v/Entwicklung/FortranExample/Debug/CMakeFiles/CMakeTmp'
gmake[2]: Leaving directory `/cygdrive/v/Entwicklung/FortranExample/Debug/CMakeFiles/CMakeTmp'


